Arguments: 
  C:\Program Files\nodejs\node.exe C:\Users\benha\AppData\Roaming\npm\node_modules\yarn\bin\yarn.js install

PATH: 
  C:\Program Files\Git\mingw64\bin;C:\Program Files\Git\usr\bin;C:\Users\benha\bin;C:\Program Files\Common Files\Oracle\Java\javapath;C:\Users\benha\AppData\Roaming\npm;C:\Windows\System32;C:\Users\benha\AppData\Programs\Python\Python39;C:\xampp\php;C:\ProgramData\ComposerSetup\bin;C:\Program Files\nodejs;C:\Program Files\Git\cmd;C:\Users\benha\AppData\Local\Programs\Python\Python310\Scripts;C:\Users\benha\AppData\Local\Programs\Python\Python310;C:\Program Files\nodejs;C:\Windows\System32; C;C:\Program Files\Git\Windows\System32;C:\Users\benha\AppData\Local\Programs\Microsoft VS Code\bin;C:\Python34\Scripts;C:\Users\benha\AppData\Roaming\Composer\vendor\bin;C:\Users\benha\AppData\Local\atom\bin;C:\Users\benha\AppData\Roaming\npm;C:\Program Files\heroku\bin

Yarn version: 
  1.22.19

Node version: 
  18.12.1

Platform: 
  win32 x64

Trace: 
  Error: EPERM: operation not permitted, unlink 'C:\Users\benha\Documents\Programming\regenglobal\client\node_modules\bcrypt\lib\binding\napi-v3\bcrypt_lib.node'

npm manifest: 
  {
    "name": "regenglobal",
    "version": "0.1.0",
    "private": true,
    "dependencies": {
      "@emotion/react": "^11.11.1",
      "@emotion/styled": "^11.11.0",
      "@fortawesome/fontawesome-free-solid": "^5.0.13",
      "@fortawesome/fontawesome-svg-core": "^6.4.0",
      "@fortawesome/free-brands-svg-icons": "^6.4.0",
      "@fortawesome/free-regular-svg-icons": "^6.4.0",
      "@fortawesome/free-solid-svg-icons": "^6.4.0",
      "@fortawesome/react-fontawesome": "^0.2.0",
      "@mantine/core": "^6.0.15",
      "@mui/material": "^5.13.6",
      "@react-google-maps/api": "^2.18.1",
      "@testing-library/jest-dom": "^5.16.5",
      "antd": "^5.6.3",
      "axios": "^1.4.0",
      "bcrypt": "^5.1.0",
      "bootstrap": "^5.3.0",
      "buffer": "^6.0.3",
      "firebase": "^9.23.0",
      "formik": "^2.4.2",
      "geolib": "^3.3.4",
      "http-proxy-middleware": "^2.0.6",
      "jsonwebtoken": "^9.0.0",
      "mongodb": "^5.6.0",
      "mysql": "^2.18.1",
      "node-geocoder": "^4.2.0",
      "nodemailer": "^6.9.3",
      "pg": "^8.11.1",
      "react": "^18.2.0",
      "react-country-region-selector": "^3.6.1",
      "react-dom": "^18.2.0",
      "react-firebase-hooks": "^5.1.1",
      "react-google-maps": "^9.4.5",
      "react-hook-form": "^7.45.0",
      "react-icons": "^4.10.1",
      "react-places-autocomplete": "^7.3.0",
      "react-router-dom": "^6.14.0",
      "react-scripts": "5.0.1",
      "react-select": "^5.7.3",
      "react-select-country-list": "^2.2.3",
      "sequelize": "^6.32.1",
      "stream-browserify": "^3.0.0",
      "styled-components": "^6.0.0-rc.6 ",
      "tailwindcss": "^3.3.2",
      "web-vitals": "^3.2.2",
      "xstate": "^4.38.0"
    },
    "scripts": {
      "start": "react-scripts start",
      "build": "react-scripts build",
      "test": "react-scripts test",
      "eject": "react-scripts eject"
    },
    "eslintConfig": {
      "extends": [
        "react-app",
        "react-app/jest"
      ]
    },
    "browserslist": {
      "production": [
        ">0.2%",
        "not dead",
        "not op_mini all"
      ],
      "development": [
        "last 1 chrome version",
        "last 1 firefox version",
        "last 1 safari version"
      ]
    },
    "devDependencies": {
      "@babel/plugin-proposal-private-property-in-object": "^7.21.11",
      "@iconify/react": "^4.1.1"
    }
  }

yarn manifest: 
  No manifest

Lockfile: 
  No lockfile
